<?xml version="1.0" encoding="utf-8"?><testsuites><testsuite name="pytest" errors="0" failures="0" skipped="0" tests="19" time="1.486" timestamp="2025-03-28T11:26:52.983140-05:00" hostname="Austins-MacBook-Air.local"><testcase classname="tests.test_integration.TestIntegration" name="test_end_to_end_workflow" time="1.028" /><testcase classname="tests.test_integration.TestIntegration" name="test_session_management_integration" time="0.006" /><testcase classname="tests.test_integration.TestIntegration" name="test_error_handling_integration" time="0.003" /><testcase classname="tests.test_integration.TestIntegration" name="test_performance_metrics" time="0.190" /><testcase classname="tests.test_linkedin_actions" name="test_search_action" time="0.008" /><testcase classname="tests.test_linkedin_actions" name="test_save_profile" time="0.008" /><testcase classname="tests.test_linkedin_actions" name="test_connect_profile" time="0.005" /><testcase classname="tests.test_linkedin_actions" name="test_send_message" time="0.006" /><testcase classname="tests.test_linkedin_actions" name="test_action_sequence" time="0.004" /><testcase classname="tests.test_linkedin_actions" name="test_error_handling" time="0.005" /><testcase classname="tests.test_main" name="test_health_check" time="0.010" /><testcase classname="tests.test_main" name="test_run_agent" time="0.002" /><testcase classname="tests.test_session_manager" name="test_session_creation" time="0.001" /><testcase classname="tests.test_session_manager" name="test_session_loading" time="0.002" /><testcase classname="tests.test_session_manager" name="test_session_saving" time="0.001" /><testcase classname="tests.test_session_manager" name="test_session_persistence" time="0.001" /><testcase classname="tests.test_session_manager" name="test_session_expiration" time="0.003" /><testcase classname="tests.test_session_manager" name="test_session_clearing" time="0.001" /><testcase classname="tests.test_session_manager" name="test_error_handling" time="0.001" /></testsuite></testsuites>