<?xml version="1.0" encoding="utf-8"?><testsuites><testsuite name="pytest" errors="10" failures="5" skipped="0" tests="19" time="1.037" timestamp="2025-03-28T10:19:35.143580-05:00" hostname="Austins-MacBook-Air.local"><testcase classname="tests.test_integration.TestIntegration" name="test_end_to_end_workflow" time="0.001"><error message="failed on setup with &quot;NameError: name 'app' is not defined&quot;">@pytest.fixture(scope="module")
    def test_server():
        """Fixture to run the FastAPI server during tests."""
&gt;       config = uvicorn.Config(app, host="127.0.0.1", port=8002, log_level="error")
E       NameError: name 'app' is not defined

tests/test_integration.py:30: NameError</error></testcase><testcase classname="tests.test_integration.TestIntegration" name="test_session_management_integration" time="0.000"><error message="failed on setup with &quot;NameError: name 'app' is not defined&quot;">@pytest.fixture(scope="module")
    def test_server():
        """Fixture to run the FastAPI server during tests."""
&gt;       config = uvicorn.Config(app, host="127.0.0.1", port=8002, log_level="error")
E       NameError: name 'app' is not defined

tests/test_integration.py:30: NameError</error></testcase><testcase classname="tests.test_integration.TestIntegration" name="test_error_handling_integration" time="0.000"><error message="failed on setup with &quot;NameError: name 'app' is not defined&quot;">@pytest.fixture(scope="module")
    def test_server():
        """Fixture to run the FastAPI server during tests."""
&gt;       config = uvicorn.Config(app, host="127.0.0.1", port=8002, log_level="error")
E       NameError: name 'app' is not defined

tests/test_integration.py:30: NameError</error></testcase><testcase classname="tests.test_integration.TestIntegration" name="test_performance_metrics" time="0.000"><error message="failed on setup with &quot;NameError: name 'app' is not defined&quot;">@pytest.fixture(scope="module")
    def test_server():
        """Fixture to run the FastAPI server during tests."""
&gt;       config = uvicorn.Config(app, host="127.0.0.1", port=8002, log_level="error")
E       NameError: name 'app' is not defined

tests/test_integration.py:30: NameError</error></testcase><testcase classname="tests.test_linkedin_actions" name="test_search_action" time="0.036"><error message="failed on setup with &quot;TypeError: argument of type 'Browser' is not iterable&quot;">browser = &lt;browser_use.browser.browser.Browser object at 0x106a1f650&gt;

    @pytest.fixture
    def controller(browser):
        """Provide a controller instance for testing."""
&gt;       return Controller(browser)

tests/conftest.py:49: 
_ _ _ _ _ _ _ _ _ _ _ _ _ _ _ _ _ _ _ _ _ _ _ _ _ _ _ _ _ _ _ _ _ _ _ _ _ _ _ _ _ _ _ _ _ _ _ _ _ _ _ _ _ _ 
/opt/anaconda3/lib/python3.12/site-packages/browser_use/controller/service.py:60: in __init__
    @self.registry.action(
_ _ _ _ _ _ _ _ _ _ _ _ _ _ _ _ _ _ _ _ _ _ _ _ _ _ _ _ _ _ _ _ _ _ _ _ _ _ _ _ _ _ _ _ _ _ _ _ _ _ _ _ _ _ 

func = &lt;function Controller.__init__.&lt;locals&gt;.done at 0x106b6c360&gt;

    def decorator(func: Callable):
    	# Skip registration if action is in exclude_actions
&gt;   	if func.__name__ in self.exclude_actions:
E    TypeError: argument of type 'Browser' is not iterable

/opt/anaconda3/lib/python3.12/site-packages/browser_use/controller/registry/service.py:57: TypeError</error></testcase><testcase classname="tests.test_linkedin_actions" name="test_save_profile" time="0.038"><error message="failed on setup with &quot;TypeError: argument of type 'Browser' is not iterable&quot;">browser = &lt;browser_use.browser.browser.Browser object at 0x106af1400&gt;

    @pytest.fixture
    def controller(browser):
        """Provide a controller instance for testing."""
&gt;       return Controller(browser)

tests/conftest.py:49: 
_ _ _ _ _ _ _ _ _ _ _ _ _ _ _ _ _ _ _ _ _ _ _ _ _ _ _ _ _ _ _ _ _ _ _ _ _ _ _ _ _ _ _ _ _ _ _ _ _ _ _ _ _ _ 
/opt/anaconda3/lib/python3.12/site-packages/browser_use/controller/service.py:60: in __init__
    @self.registry.action(
_ _ _ _ _ _ _ _ _ _ _ _ _ _ _ _ _ _ _ _ _ _ _ _ _ _ _ _ _ _ _ _ _ _ _ _ _ _ _ _ _ _ _ _ _ _ _ _ _ _ _ _ _ _ 

func = &lt;function Controller.__init__.&lt;locals&gt;.done at 0x106b2ea20&gt;

    def decorator(func: Callable):
    	# Skip registration if action is in exclude_actions
&gt;   	if func.__name__ in self.exclude_actions:
E    TypeError: argument of type 'Browser' is not iterable

/opt/anaconda3/lib/python3.12/site-packages/browser_use/controller/registry/service.py:57: TypeError</error></testcase><testcase classname="tests.test_linkedin_actions" name="test_connect_profile" time="0.036"><error message="failed on setup with &quot;TypeError: argument of type 'Browser' is not iterable&quot;">browser = &lt;browser_use.browser.browser.Browser object at 0x106af2ed0&gt;

    @pytest.fixture
    def controller(browser):
        """Provide a controller instance for testing."""
&gt;       return Controller(browser)

tests/conftest.py:49: 
_ _ _ _ _ _ _ _ _ _ _ _ _ _ _ _ _ _ _ _ _ _ _ _ _ _ _ _ _ _ _ _ _ _ _ _ _ _ _ _ _ _ _ _ _ _ _ _ _ _ _ _ _ _ 
/opt/anaconda3/lib/python3.12/site-packages/browser_use/controller/service.py:60: in __init__
    @self.registry.action(
_ _ _ _ _ _ _ _ _ _ _ _ _ _ _ _ _ _ _ _ _ _ _ _ _ _ _ _ _ _ _ _ _ _ _ _ _ _ _ _ _ _ _ _ _ _ _ _ _ _ _ _ _ _ 

func = &lt;function Controller.__init__.&lt;locals&gt;.done at 0x106b6c2c0&gt;

    def decorator(func: Callable):
    	# Skip registration if action is in exclude_actions
&gt;   	if func.__name__ in self.exclude_actions:
E    TypeError: argument of type 'Browser' is not iterable

/opt/anaconda3/lib/python3.12/site-packages/browser_use/controller/registry/service.py:57: TypeError</error></testcase><testcase classname="tests.test_linkedin_actions" name="test_send_message" time="0.037"><error message="failed on setup with &quot;TypeError: argument of type 'Browser' is not iterable&quot;">browser = &lt;browser_use.browser.browser.Browser object at 0x106af1fa0&gt;

    @pytest.fixture
    def controller(browser):
        """Provide a controller instance for testing."""
&gt;       return Controller(browser)

tests/conftest.py:49: 
_ _ _ _ _ _ _ _ _ _ _ _ _ _ _ _ _ _ _ _ _ _ _ _ _ _ _ _ _ _ _ _ _ _ _ _ _ _ _ _ _ _ _ _ _ _ _ _ _ _ _ _ _ _ 
/opt/anaconda3/lib/python3.12/site-packages/browser_use/controller/service.py:60: in __init__
    @self.registry.action(
_ _ _ _ _ _ _ _ _ _ _ _ _ _ _ _ _ _ _ _ _ _ _ _ _ _ _ _ _ _ _ _ _ _ _ _ _ _ _ _ _ _ _ _ _ _ _ _ _ _ _ _ _ _ 

func = &lt;function Controller.__init__.&lt;locals&gt;.done at 0x106b6cb80&gt;

    def decorator(func: Callable):
    	# Skip registration if action is in exclude_actions
&gt;   	if func.__name__ in self.exclude_actions:
E    TypeError: argument of type 'Browser' is not iterable

/opt/anaconda3/lib/python3.12/site-packages/browser_use/controller/registry/service.py:57: TypeError</error></testcase><testcase classname="tests.test_linkedin_actions" name="test_action_sequence" time="0.039"><error message="failed on setup with &quot;TypeError: argument of type 'Browser' is not iterable&quot;">browser = &lt;browser_use.browser.browser.Browser object at 0x106af3bc0&gt;

    @pytest.fixture
    def controller(browser):
        """Provide a controller instance for testing."""
&gt;       return Controller(browser)

tests/conftest.py:49: 
_ _ _ _ _ _ _ _ _ _ _ _ _ _ _ _ _ _ _ _ _ _ _ _ _ _ _ _ _ _ _ _ _ _ _ _ _ _ _ _ _ _ _ _ _ _ _ _ _ _ _ _ _ _ 
/opt/anaconda3/lib/python3.12/site-packages/browser_use/controller/service.py:60: in __init__
    @self.registry.action(
_ _ _ _ _ _ _ _ _ _ _ _ _ _ _ _ _ _ _ _ _ _ _ _ _ _ _ _ _ _ _ _ _ _ _ _ _ _ _ _ _ _ _ _ _ _ _ _ _ _ _ _ _ _ 

func = &lt;function Controller.__init__.&lt;locals&gt;.done at 0x106b6c900&gt;

    def decorator(func: Callable):
    	# Skip registration if action is in exclude_actions
&gt;   	if func.__name__ in self.exclude_actions:
E    TypeError: argument of type 'Browser' is not iterable

/opt/anaconda3/lib/python3.12/site-packages/browser_use/controller/registry/service.py:57: TypeError</error></testcase><testcase classname="tests.test_linkedin_actions" name="test_error_handling" time="0.038"><error message="failed on setup with &quot;TypeError: argument of type 'Browser' is not iterable&quot;">browser = &lt;browser_use.browser.browser.Browser object at 0x106af2270&gt;

    @pytest.fixture
    def controller(browser):
        """Provide a controller instance for testing."""
&gt;       return Controller(browser)

tests/conftest.py:49: 
_ _ _ _ _ _ _ _ _ _ _ _ _ _ _ _ _ _ _ _ _ _ _ _ _ _ _ _ _ _ _ _ _ _ _ _ _ _ _ _ _ _ _ _ _ _ _ _ _ _ _ _ _ _ 
/opt/anaconda3/lib/python3.12/site-packages/browser_use/controller/service.py:60: in __init__
    @self.registry.action(
_ _ _ _ _ _ _ _ _ _ _ _ _ _ _ _ _ _ _ _ _ _ _ _ _ _ _ _ _ _ _ _ _ _ _ _ _ _ _ _ _ _ _ _ _ _ _ _ _ _ _ _ _ _ 

func = &lt;function Controller.__init__.&lt;locals&gt;.done at 0x106b6c360&gt;

    def decorator(func: Callable):
    	# Skip registration if action is in exclude_actions
&gt;   	if func.__name__ in self.exclude_actions:
E    TypeError: argument of type 'Browser' is not iterable

/opt/anaconda3/lib/python3.12/site-packages/browser_use/controller/registry/service.py:57: TypeError</error></testcase><testcase classname="tests.test_main" name="test_health_check" time="0.009" /><testcase classname="tests.test_main" name="test_run_agent" time="0.005"><failure message="RuntimeError: Caught handled exception, but response already started.">task_id = 'task_20250328_101935_8172a2a0', task = 'Test task', max_steps = 10
config = {'llm': {'model': 'claude-3-opus-20240229', 'type': 'anthropic'}}
browser_info = {'browser_type': 'chromium', 'headless': True}, credentials = None

    async def execute_agent_task(task_id: str, task: str, max_steps: int, config: Dict[str, Any], browser_info: Dict[str, Any], credentials: Optional[Dict[str, str]] = None):
        """Execute the Browser-Use agent task and update state."""
        try:
            # Initialize task state
            task_states[task_id] = {
                "status": "initializing",
                "start_time": datetime.now(),
                "current_step": 0,
                "total_steps": max_steps,
                "history": [],
                "error": None
            }
    
            print(f"Initializing task {task_id} with config: {config}")  # Debug log
    
            # Validate LLM configuration and API keys
            llm_config = config.get("llm", {})
            if not llm_config:
                raise ValueError("LLM configuration is required")
    
            llm_type = llm_config.get("type", "").lower()
            if llm_type == "anthropic" and (not os.getenv("ANTHROPIC_API_KEY") or
                os.getenv("ANTHROPIC_API_KEY") == "your_anthropic_api_key_here"):
                raise ValueError("Anthropic API key not configured")
            elif llm_type == "openai" and (not os.getenv("OPENAI_API_KEY") or
                os.getenv("OPENAI_API_KEY") == "your_openai_api_key_here"):
                raise ValueError("OpenAI API key not configured")
            elif not llm_type:
                raise ValueError("LLM type must be specified in config")
    
            # Initialize Browser-Use components with the existing Playwright browser
            browser = Browser(
                config=BrowserConfig(
                    headless=browser_info.get("headless", False)
                )
            )
    
            # Initialize and handle session management
            session_manager = LinkedInSessionManager(storage_dir="sessions")
            if not await session_manager.handle_login(browser, credentials):
&gt;               raise ValueError("Failed to establish LinkedIn session")
E               ValueError: Failed to establish LinkedIn session

app/main.py:115: ValueError

During handling of the above exception, another exception occurred:

scope = {'app': &lt;fastapi.applications.FastAPI object at 0x10662a660&gt;, 'client': ('testclient', 50000), 'endpoint': &lt;function run_agent at 0x10668c040&gt;, 'extensions': {'http.response.debug': {}}, ...}
receive = &lt;function _TestClientTransport.handle_request.&lt;locals&gt;.receive at 0x106bad800&gt;
send = &lt;function wrap_app_handling_exceptions.&lt;locals&gt;.wrapped_app.&lt;locals&gt;.sender at 0x106bae3e0&gt;

    async def wrapped_app(scope: Scope, receive: Receive, send: Send) -&gt; None:
        response_started = False
    
        async def sender(message: Message) -&gt; None:
            nonlocal response_started
    
            if message["type"] == "http.response.start":
                response_started = True
            await send(message)
    
        try:
&gt;           await app(scope, receive, sender)

/opt/anaconda3/lib/python3.12/site-packages/starlette/_exception_handler.py:42: 
_ _ _ _ _ _ _ _ _ _ _ _ _ _ _ _ _ _ _ _ _ _ _ _ _ _ _ _ _ _ _ _ _ _ _ _ _ _ _ _ _ _ _ _ _ _ _ _ _ _ _ _ _ _ 
/opt/anaconda3/lib/python3.12/site-packages/starlette/routing.py:74: in app
    await response(scope, receive, send)
/opt/anaconda3/lib/python3.12/site-packages/starlette/responses.py:160: in __call__
    await self.background()
/opt/anaconda3/lib/python3.12/site-packages/starlette/background.py:41: in __call__
    await task()
/opt/anaconda3/lib/python3.12/site-packages/starlette/background.py:26: in __call__
    await self.func(*self.args, **self.kwargs)
_ _ _ _ _ _ _ _ _ _ _ _ _ _ _ _ _ _ _ _ _ _ _ _ _ _ _ _ _ _ _ _ _ _ _ _ _ _ _ _ _ _ _ _ _ _ _ _ _ _ _ _ _ _ 

task_id = 'task_20250328_101935_8172a2a0', task = 'Test task', max_steps = 10
config = {'llm': {'model': 'claude-3-opus-20240229', 'type': 'anthropic'}}
browser_info = {'browser_type': 'chromium', 'headless': True}, credentials = None

    async def execute_agent_task(task_id: str, task: str, max_steps: int, config: Dict[str, Any], browser_info: Dict[str, Any], credentials: Optional[Dict[str, str]] = None):
        """Execute the Browser-Use agent task and update state."""
        try:
            # Initialize task state
            task_states[task_id] = {
                "status": "initializing",
                "start_time": datetime.now(),
                "current_step": 0,
                "total_steps": max_steps,
                "history": [],
                "error": None
            }
    
            print(f"Initializing task {task_id} with config: {config}")  # Debug log
    
            # Validate LLM configuration and API keys
            llm_config = config.get("llm", {})
            if not llm_config:
                raise ValueError("LLM configuration is required")
    
            llm_type = llm_config.get("type", "").lower()
            if llm_type == "anthropic" and (not os.getenv("ANTHROPIC_API_KEY") or
                os.getenv("ANTHROPIC_API_KEY") == "your_anthropic_api_key_here"):
                raise ValueError("Anthropic API key not configured")
            elif llm_type == "openai" and (not os.getenv("OPENAI_API_KEY") or
                os.getenv("OPENAI_API_KEY") == "your_openai_api_key_here"):
                raise ValueError("OpenAI API key not configured")
            elif not llm_type:
                raise ValueError("LLM type must be specified in config")
    
            # Initialize Browser-Use components with the existing Playwright browser
            browser = Browser(
                config=BrowserConfig(
                    headless=browser_info.get("headless", False)
                )
            )
    
            # Initialize and handle session management
            session_manager = LinkedInSessionManager(storage_dir="sessions")
            if not await session_manager.handle_login(browser, credentials):
                raise ValueError("Failed to establish LinkedIn session")
    
            controller = Controller(browser)
    
            # Register LinkedIn actions
            linkedin_actions = LinkedInActions(controller)
            linkedin_actions.register_actions()
    
            agent = Agent(
                task=task,
                llm=llm_config,
                controller=controller
            )
    
            # Update state to running
            task_states[task_id]["status"] = "running"
            print(f"Task {task_id} is now running")  # Debug log
    
            # Run the agent
            result = []
            steps = await agent.run(max_steps=max_steps)
            for step in steps:
                print(f"Step completed: {step}")  # Debug log
                step_info = {
                    "step": getattr(step, 'step_number', 0),
                    "action": getattr(step, 'action', None),
                    "timestamp": datetime.now().isoformat()
                }
                result.append(step_info)
    
                # Update task state with step information
                task_states[task_id].update({
                    "current_step": step_info["step"],
                    "last_action": step_info["action"],
                    "history": result
                })
    
                # Save session after each successful step
                await session_manager.save_session(browser)
    
            # Update final state
            task_states[task_id]["status"] = "completed"
            print(f"Task {task_id} completed successfully")  # Debug log
    
        except ValueError as e:
            print(f"Configuration error in task {task_id}: {str(e)}")  # Debug log
            task_states[task_id].update({
                "status": "failed",
                "error": f"Configuration error: {str(e)}"
            })
&gt;           raise HTTPException(status_code=400, detail=str(e))
E           fastapi.exceptions.HTTPException: 400: Failed to establish LinkedIn session

app/main.py:165: HTTPException

The above exception was the direct cause of the following exception:

client = &lt;starlette.testclient.TestClient object at 0x106b68c20&gt;

    def test_run_agent(client):
        """Test the run-agent endpoint."""
        task_data = {
            "task": "Test task",
            "max_steps": 10,
            "config": {
                "llm": {
                    "type": "anthropic",
                    "model": "claude-3-opus-20240229"
                }
            },
            "browser_info": {
                "browser_type": "chromium",
                "headless": True
            }
        }
&gt;       response = client.post("/run-agent", json=task_data)

tests/test_main.py:33: 
_ _ _ _ _ _ _ _ _ _ _ _ _ _ _ _ _ _ _ _ _ _ _ _ _ _ _ _ _ _ _ _ _ _ _ _ _ _ _ _ _ _ _ _ _ _ _ _ _ _ _ _ _ _ 
/opt/anaconda3/lib/python3.12/site-packages/starlette/testclient.py:538: in post
    return super().post(
/opt/anaconda3/lib/python3.12/site-packages/httpx/_client.py:1144: in post
    return self.request(
/opt/anaconda3/lib/python3.12/site-packages/starlette/testclient.py:437: in request
    return super().request(
/opt/anaconda3/lib/python3.12/site-packages/httpx/_client.py:825: in request
    return self.send(request, auth=auth, follow_redirects=follow_redirects)
/opt/anaconda3/lib/python3.12/site-packages/httpx/_client.py:914: in send
    response = self._send_handling_auth(
/opt/anaconda3/lib/python3.12/site-packages/httpx/_client.py:942: in _send_handling_auth
    response = self._send_handling_redirects(
/opt/anaconda3/lib/python3.12/site-packages/httpx/_client.py:979: in _send_handling_redirects
    response = self._send_single_request(request)
/opt/anaconda3/lib/python3.12/site-packages/httpx/_client.py:1014: in _send_single_request
    response = transport.handle_request(request)
/opt/anaconda3/lib/python3.12/site-packages/starlette/testclient.py:340: in handle_request
    raise exc
/opt/anaconda3/lib/python3.12/site-packages/starlette/testclient.py:337: in handle_request
    portal.call(self.app, scope, receive, send)
/opt/anaconda3/lib/python3.12/site-packages/anyio/from_thread.py:277: in call
    return cast(T_Retval, self.start_task_soon(func, *args).result())
/opt/anaconda3/lib/python3.12/concurrent/futures/_base.py:456: in result
    return self.__get_result()
/opt/anaconda3/lib/python3.12/concurrent/futures/_base.py:401: in __get_result
    raise self._exception
/opt/anaconda3/lib/python3.12/site-packages/anyio/from_thread.py:217: in _call_func
    retval = await retval
/opt/anaconda3/lib/python3.12/site-packages/fastapi/applications.py:1054: in __call__
    await super().__call__(scope, receive, send)
/opt/anaconda3/lib/python3.12/site-packages/starlette/applications.py:112: in __call__
    await self.middleware_stack(scope, receive, send)
/opt/anaconda3/lib/python3.12/site-packages/starlette/middleware/errors.py:187: in __call__
    raise exc
/opt/anaconda3/lib/python3.12/site-packages/starlette/middleware/errors.py:165: in __call__
    await self.app(scope, receive, _send)
/opt/anaconda3/lib/python3.12/site-packages/starlette/middleware/exceptions.py:62: in __call__
    await wrap_app_handling_exceptions(self.app, conn)(scope, receive, send)
/opt/anaconda3/lib/python3.12/site-packages/starlette/_exception_handler.py:53: in wrapped_app
    raise exc
/opt/anaconda3/lib/python3.12/site-packages/starlette/_exception_handler.py:42: in wrapped_app
    await app(scope, receive, sender)
/opt/anaconda3/lib/python3.12/site-packages/starlette/routing.py:714: in __call__
    await self.middleware_stack(scope, receive, send)
/opt/anaconda3/lib/python3.12/site-packages/starlette/routing.py:734: in app
    await route.handle(scope, receive, send)
/opt/anaconda3/lib/python3.12/site-packages/starlette/routing.py:288: in handle
    await self.app(scope, receive, send)
/opt/anaconda3/lib/python3.12/site-packages/starlette/routing.py:76: in app
    await wrap_app_handling_exceptions(app, request)(scope, receive, send)
_ _ _ _ _ _ _ _ _ _ _ _ _ _ _ _ _ _ _ _ _ _ _ _ _ _ _ _ _ _ _ _ _ _ _ _ _ _ _ _ _ _ _ _ _ _ _ _ _ _ _ _ _ _ 

scope = {'app': &lt;fastapi.applications.FastAPI object at 0x10662a660&gt;, 'client': ('testclient', 50000), 'endpoint': &lt;function run_agent at 0x10668c040&gt;, 'extensions': {'http.response.debug': {}}, ...}
receive = &lt;function _TestClientTransport.handle_request.&lt;locals&gt;.receive at 0x106bad800&gt;
send = &lt;function wrap_app_handling_exceptions.&lt;locals&gt;.wrapped_app.&lt;locals&gt;.sender at 0x106bae3e0&gt;

    async def wrapped_app(scope: Scope, receive: Receive, send: Send) -&gt; None:
        response_started = False
    
        async def sender(message: Message) -&gt; None:
            nonlocal response_started
    
            if message["type"] == "http.response.start":
                response_started = True
            await send(message)
    
        try:
            await app(scope, receive, sender)
        except Exception as exc:
            handler = None
    
            if isinstance(exc, HTTPException):
                handler = status_handlers.get(exc.status_code)
    
            if handler is None:
                handler = _lookup_exception_handler(exception_handlers, exc)
    
            if handler is None:
                raise exc
    
            if response_started:
&gt;               raise RuntimeError("Caught handled exception, but response already started.") from exc
E               RuntimeError: Caught handled exception, but response already started.

/opt/anaconda3/lib/python3.12/site-packages/starlette/_exception_handler.py:56: RuntimeError</failure></testcase><testcase classname="tests.test_session_manager" name="test_session_creation" time="0.037"><failure message="AssertionError: Session creation should succeed&#10;assert False">session_manager = &lt;app.session_manager.LinkedInSessionManager object at 0x105053fe0&gt;
browser = &lt;browser_use.browser.browser.Browser object at 0x105050830&gt;
test_credentials = {'password': 'test_password', 'username': 'test_user@example.com'}
metrics_collector = &lt;conftest.MetricsCollector object at 0x105052420&gt;

    @pytest.mark.asyncio
    async def test_session_creation(session_manager, browser, test_credentials, metrics_collector):
        """Test creating a new session."""
        metrics_collector.start_operation("session_creation")
    
        # Mock successful login for testing
        async def mock_login():
            return True
    
        session_manager._perform_login = mock_login
        success = await session_manager.handle_login(browser, test_credentials)
    
        metrics_collector.end_operation("session_creation", success)
&gt;       assert success, "Session creation should succeed"
E       AssertionError: Session creation should succeed
E       assert False

tests/test_session_manager.py:21: AssertionError</failure></testcase><testcase classname="tests.test_session_manager" name="test_session_loading" time="0.036"><failure message="AssertionError: Session loading should succeed&#10;assert False">session_manager = &lt;app.session_manager.LinkedInSessionManager object at 0x106af23f0&gt;
browser = &lt;browser_use.browser.browser.Browser object at 0x106af3470&gt;
test_credentials = {'password': 'test_password', 'username': 'test_user@example.com'}
metrics_collector = &lt;conftest.MetricsCollector object at 0x106af3680&gt;

    @pytest.mark.asyncio
    async def test_session_loading(session_manager, browser, test_credentials, metrics_collector):
        """Test loading an existing session."""
        # First create a mock session
        async def mock_login():
            return True
    
        session_manager._perform_login = mock_login
        await session_manager.handle_login(browser, test_credentials)
    
        metrics_collector.start_operation("session_loading")
    
        # Mock successful session loading
        async def mock_load():
            return True
    
        session_manager._load_cookies = mock_load
        success = await session_manager.load_session(browser)
    
        metrics_collector.end_operation("session_loading", success)
&gt;       assert success, "Session loading should succeed"
E       AssertionError: Session loading should succeed
E       assert False

tests/test_session_manager.py:43: AssertionError</failure></testcase><testcase classname="tests.test_session_manager" name="test_session_saving" time="0.037"><failure message="AssertionError: Session saving should succeed&#10;assert False">session_manager = &lt;app.session_manager.LinkedInSessionManager object at 0x1066d5d60&gt;
browser = &lt;browser_use.browser.browser.Browser object at 0x1050505f0&gt;
test_credentials = {'password': 'test_password', 'username': 'test_user@example.com'}
metrics_collector = &lt;conftest.MetricsCollector object at 0x1050537a0&gt;

    @pytest.mark.asyncio
    async def test_session_saving(session_manager, browser, test_credentials, metrics_collector):
        """Test saving a session."""
        # Create a mock session first
        async def mock_login():
            return True
    
        session_manager._perform_login = mock_login
        await session_manager.handle_login(browser, test_credentials)
    
        metrics_collector.start_operation("session_saving")
    
        # Save the session
        success = await session_manager.save_session(browser)
    
        metrics_collector.end_operation("session_saving", success)
&gt;       assert success, "Session saving should succeed"
E       AssertionError: Session saving should succeed
E       assert False

tests/test_session_manager.py:61: AssertionError</failure></testcase><testcase classname="tests.test_session_manager" name="test_session_persistence" time="0.063"><failure message="AssertionError: Session should persist across browser restarts&#10;assert False">session_manager = &lt;app.session_manager.LinkedInSessionManager object at 0x106af3800&gt;
browser = &lt;browser_use.browser.browser.Browser object at 0x106af09e0&gt;
test_credentials = {'password': 'test_password', 'username': 'test_user@example.com'}
performance_logger = &lt;conftest.PerformanceLogger object at 0x106af0980&gt;

    @pytest.mark.asyncio
    async def test_session_persistence(session_manager, browser, test_credentials, performance_logger):
        """Test session persistence across browser restarts."""
        start_time = datetime.now()
    
        # Create initial mock session
        async def mock_login():
            return True
    
        session_manager._perform_login = mock_login
        await session_manager.handle_login(browser, test_credentials)
    
        # Save the session
        await session_manager.save_session(browser)
    
        # Simulate browser restart
        await browser.close()
        new_browser = Browser(
            config=BrowserConfig(
                headless=True
            )
        )
    
        # Mock successful session loading
        async def mock_load():
            return True
    
        session_manager._load_cookies = mock_load
        success = await session_manager.load_session(new_browser)
    
        duration = (datetime.now() - start_time).total_seconds()
        performance_logger.log_performance("session_persistence", duration, success)
    
&gt;       assert success, "Session should persist across browser restarts"
E       AssertionError: Session should persist across browser restarts
E       assert False

tests/test_session_manager.py:97: AssertionError</failure></testcase><testcase classname="tests.test_session_manager" name="test_session_expiration" time="0.038" /><testcase classname="tests.test_session_manager" name="test_session_clearing" time="0.034" /><testcase classname="tests.test_session_manager" name="test_error_handling" time="0.034" /></testsuite></testsuites>